d:\dima\c++\s3\diversgame\driversgame\x64\debug\vc143.pdb
d:\dima\c++\s3\diversgame\driversgame\x64\debug\vc143.idb
d:\dima\c++\s3\diversgame\driversgame\x64\debug\player.obj
d:\dima\c++\s3\diversgame\driversgame\x64\debug\minotaur.obj
d:\dima\c++\s3\diversgame\driversgame\x64\debug\main.obj
d:\dima\c++\s3\diversgame\driversgame\x64\debug\game.obj
d:\dima\c++\s3\diversgame\driversgame\x64\debug\enemy.obj
d:\dima\c++\s3\diversgame\driversgame\x64\debug\textureholder.obj
d:\dima\c++\s3\diversgame\x64\debug\driversgame.exe
d:\dima\c++\s3\diversgame\x64\debug\driversgame.pdb
d:\dima\c++\s3\diversgame\driversgame\x64\debug\driversgame.ilk
d:\dima\c++\s3\diversgame\driversgame\x64\debug\player.obj.enc
d:\dima\c++\s3\diversgame\driversgame\x64\debug\driversgame.tlog\cl.command.1.tlog
d:\dima\c++\s3\diversgame\driversgame\x64\debug\driversgame.tlog\cl.items.tlog
d:\dima\c++\s3\diversgame\driversgame\x64\debug\driversgame.tlog\cl.read.1.tlog
d:\dima\c++\s3\diversgame\driversgame\x64\debug\driversgame.tlog\cl.write.1.tlog
d:\dima\c++\s3\diversgame\driversgame\x64\debug\driversgame.tlog\link.command.1.tlog
d:\dima\c++\s3\diversgame\driversgame\x64\debug\driversgame.tlog\link.read.1.tlog
d:\dima\c++\s3\diversgame\driversgame\x64\debug\driversgame.tlog\link.secondary.1.tlog
d:\dima\c++\s3\diversgame\driversgame\x64\debug\driversgame.tlog\link.write.1.tlog
